Rasa process starting
Added 'nlp_spacy' to component cache. Key 'nlp_spacy-xx'.
From /notebooks/TA/rasa-v1/rasa_my_tour_mate/classifiers/intent_classifier_tensorflow.py:683: The name tf.train.import_meta_graph is deprecated. Please use tf.compat.v1.train.import_meta_graph instead.

From /notebooks/TA/rasa-v1/rasa-venv/lib/python3.6/site-packages/tensorflow/python/training/saver.py:1276: checkpoint_exists (from tensorflow.python.training.checkpoint_management) is deprecated and will be removed in a future version.
Instructions for updating:
Use standard file APIs to check for files with this prefix.
Restoring parameters from models/current/nlu/intent_classifier_tensorflow_embedding_custom.ckpt
From /notebooks/TA/rasa-v1/rasa_my_tour_mate/classifiers/intent_classifier_tensorflow.py:687: The name tf.get_collection is deprecated. Please use tf.compat.v1.get_collection instead.


The TensorFlow contrib module will not be included in TensorFlow 2.0.
For more information, please see:
  * https://github.com/tensorflow/community/blob/master/rfcs/20180907-contrib-sunset.md
  * https://github.com/tensorflow/addons
  * https://github.com/tensorflow/io (for I/O related ops)
If you depend on functionality not listed there, please file an issue.

From /notebooks/TA/rasa-v1/rasa-venv/lib/python3.6/site-packages/tensorflow/python/ops/init_ops.py:97: calling GlorotUniform.__init__ (from tensorflow.python.ops.init_ops) with dtype is deprecated and will be removed in a future version.
Instructions for updating:
Call initializer instance with the dtype argument instead of passing it to the constructor
From /notebooks/TA/rasa-v1/rasa-venv/lib/python3.6/site-packages/tensorflow/python/ops/init_ops.py:1251: calling VarianceScaling.__init__ (from tensorflow.python.ops.init_ops) with dtype is deprecated and will be removed in a future version.
Instructions for updating:
Call initializer instance with the dtype argument instead of passing it to the constructor
From /notebooks/TA/rasa-v1/rasa-venv/lib/python3.6/site-packages/tensorflow/python/ops/init_ops.py:97: calling Orthogonal.__init__ (from tensorflow.python.ops.init_ops) with dtype is deprecated and will be removed in a future version.
Instructions for updating:
Call initializer instance with the dtype argument instead of passing it to the constructor
From /notebooks/TA/rasa-v1/rasa-venv/lib/python3.6/site-packages/tensorflow/python/ops/init_ops.py:97: calling Zeros.__init__ (from tensorflow.python.ops.init_ops) with dtype is deprecated and will be removed in a future version.
Instructions for updating:
Call initializer instance with the dtype argument instead of passing it to the constructor
From /notebooks/TA/rasa-v1/rasa-venv/lib/python3.6/site-packages/tensorflow/python/keras/backend.py:3794: add_dispatch_support.<locals>.wrapper (from tensorflow.python.ops.array_ops) is deprecated and will be removed in a future version.
Instructions for updating:
Use tf.where in 2.0, which has the same broadcast rule as np.where
Rasa Core server is up and running on http://localhost:5005
Rasa process starting
Added 'nlp_spacy' to component cache. Key 'nlp_spacy-xx'.
From /notebooks/TA/rasa-v1/rasa_my_tour_mate/classifiers/intent_classifier_tensorflow.py:683: The name tf.train.import_meta_graph is deprecated. Please use tf.compat.v1.train.import_meta_graph instead.

From /notebooks/TA/rasa-v1/rasa-venv/lib/python3.6/site-packages/tensorflow/python/training/saver.py:1276: checkpoint_exists (from tensorflow.python.training.checkpoint_management) is deprecated and will be removed in a future version.
Instructions for updating:
Use standard file APIs to check for files with this prefix.
Restoring parameters from models/current/nlu/intent_classifier_tensorflow_embedding_custom.ckpt
From /notebooks/TA/rasa-v1/rasa_my_tour_mate/classifiers/intent_classifier_tensorflow.py:687: The name tf.get_collection is deprecated. Please use tf.compat.v1.get_collection instead.


The TensorFlow contrib module will not be included in TensorFlow 2.0.
For more information, please see:
  * https://github.com/tensorflow/community/blob/master/rfcs/20180907-contrib-sunset.md
  * https://github.com/tensorflow/addons
  * https://github.com/tensorflow/io (for I/O related ops)
If you depend on functionality not listed there, please file an issue.

From /notebooks/TA/rasa-v1/rasa-venv/lib/python3.6/site-packages/tensorflow/python/ops/init_ops.py:97: calling GlorotUniform.__init__ (from tensorflow.python.ops.init_ops) with dtype is deprecated and will be removed in a future version.
Instructions for updating:
Call initializer instance with the dtype argument instead of passing it to the constructor
From /notebooks/TA/rasa-v1/rasa-venv/lib/python3.6/site-packages/tensorflow/python/ops/init_ops.py:1251: calling VarianceScaling.__init__ (from tensorflow.python.ops.init_ops) with dtype is deprecated and will be removed in a future version.
Instructions for updating:
Call initializer instance with the dtype argument instead of passing it to the constructor
From /notebooks/TA/rasa-v1/rasa-venv/lib/python3.6/site-packages/tensorflow/python/ops/init_ops.py:97: calling Orthogonal.__init__ (from tensorflow.python.ops.init_ops) with dtype is deprecated and will be removed in a future version.
Instructions for updating:
Call initializer instance with the dtype argument instead of passing it to the constructor
From /notebooks/TA/rasa-v1/rasa-venv/lib/python3.6/site-packages/tensorflow/python/ops/init_ops.py:97: calling Zeros.__init__ (from tensorflow.python.ops.init_ops) with dtype is deprecated and will be removed in a future version.
Instructions for updating:
Call initializer instance with the dtype argument instead of passing it to the constructor
From /notebooks/TA/rasa-v1/rasa-venv/lib/python3.6/site-packages/tensorflow/python/keras/backend.py:3794: add_dispatch_support.<locals>.wrapper (from tensorflow.python.ops.array_ops) is deprecated and will be removed in a future version.
Instructions for updating:
Use tf.where in 2.0, which has the same broadcast rule as np.where
Rasa Core server is up and running on http://localhost:5005
Rasa process starting
Added 'nlp_spacy' to component cache. Key 'nlp_spacy-xx'.
From /notebooks/TA/rasa-v1/rasa_my_tour_mate/classifiers/intent_classifier_tensorflow.py:683: The name tf.train.import_meta_graph is deprecated. Please use tf.compat.v1.train.import_meta_graph instead.

From /notebooks/TA/rasa-v1/rasa-venv/lib/python3.6/site-packages/tensorflow/python/training/saver.py:1276: checkpoint_exists (from tensorflow.python.training.checkpoint_management) is deprecated and will be removed in a future version.
Instructions for updating:
Use standard file APIs to check for files with this prefix.
Restoring parameters from models/current/nlu/intent_classifier_tensorflow_embedding_custom.ckpt
From /notebooks/TA/rasa-v1/rasa_my_tour_mate/classifiers/intent_classifier_tensorflow.py:687: The name tf.get_collection is deprecated. Please use tf.compat.v1.get_collection instead.


The TensorFlow contrib module will not be included in TensorFlow 2.0.
For more information, please see:
  * https://github.com/tensorflow/community/blob/master/rfcs/20180907-contrib-sunset.md
  * https://github.com/tensorflow/addons
  * https://github.com/tensorflow/io (for I/O related ops)
If you depend on functionality not listed there, please file an issue.

From /notebooks/TA/rasa-v1/rasa-venv/lib/python3.6/site-packages/tensorflow/python/ops/init_ops.py:97: calling GlorotUniform.__init__ (from tensorflow.python.ops.init_ops) with dtype is deprecated and will be removed in a future version.
Instructions for updating:
Call initializer instance with the dtype argument instead of passing it to the constructor
From /notebooks/TA/rasa-v1/rasa-venv/lib/python3.6/site-packages/tensorflow/python/ops/init_ops.py:1251: calling VarianceScaling.__init__ (from tensorflow.python.ops.init_ops) with dtype is deprecated and will be removed in a future version.
Instructions for updating:
Call initializer instance with the dtype argument instead of passing it to the constructor
From /notebooks/TA/rasa-v1/rasa-venv/lib/python3.6/site-packages/tensorflow/python/ops/init_ops.py:97: calling Orthogonal.__init__ (from tensorflow.python.ops.init_ops) with dtype is deprecated and will be removed in a future version.
Instructions for updating:
Call initializer instance with the dtype argument instead of passing it to the constructor
From /notebooks/TA/rasa-v1/rasa-venv/lib/python3.6/site-packages/tensorflow/python/ops/init_ops.py:97: calling Zeros.__init__ (from tensorflow.python.ops.init_ops) with dtype is deprecated and will be removed in a future version.
Instructions for updating:
Call initializer instance with the dtype argument instead of passing it to the constructor
From /notebooks/TA/rasa-v1/rasa-venv/lib/python3.6/site-packages/tensorflow/python/keras/backend.py:3794: add_dispatch_support.<locals>.wrapper (from tensorflow.python.ops.array_ops) is deprecated and will be removed in a future version.
Instructions for updating:
Use tf.where in 2.0, which has the same broadcast rule as np.where
Rasa Core server is up and running on http://localhost:5005
Rasa process starting
Added 'nlp_spacy' to component cache. Key 'nlp_spacy-xx'.
From /notebooks/TA/rasa-v1/rasa_my_tour_mate/classifiers/intent_classifier_tensorflow.py:683: The name tf.train.import_meta_graph is deprecated. Please use tf.compat.v1.train.import_meta_graph instead.

From /notebooks/TA/rasa-v1/rasa-venv/lib/python3.6/site-packages/tensorflow/python/training/saver.py:1276: checkpoint_exists (from tensorflow.python.training.checkpoint_management) is deprecated and will be removed in a future version.
Instructions for updating:
Use standard file APIs to check for files with this prefix.
Restoring parameters from models/current/nlu/intent_classifier_tensorflow_embedding_custom.ckpt
From /notebooks/TA/rasa-v1/rasa_my_tour_mate/classifiers/intent_classifier_tensorflow.py:687: The name tf.get_collection is deprecated. Please use tf.compat.v1.get_collection instead.


The TensorFlow contrib module will not be included in TensorFlow 2.0.
For more information, please see:
  * https://github.com/tensorflow/community/blob/master/rfcs/20180907-contrib-sunset.md
  * https://github.com/tensorflow/addons
  * https://github.com/tensorflow/io (for I/O related ops)
If you depend on functionality not listed there, please file an issue.

From /notebooks/TA/rasa-v1/rasa-venv/lib/python3.6/site-packages/tensorflow/python/ops/init_ops.py:97: calling GlorotUniform.__init__ (from tensorflow.python.ops.init_ops) with dtype is deprecated and will be removed in a future version.
Instructions for updating:
Call initializer instance with the dtype argument instead of passing it to the constructor
From /notebooks/TA/rasa-v1/rasa-venv/lib/python3.6/site-packages/tensorflow/python/ops/init_ops.py:1251: calling VarianceScaling.__init__ (from tensorflow.python.ops.init_ops) with dtype is deprecated and will be removed in a future version.
Instructions for updating:
Call initializer instance with the dtype argument instead of passing it to the constructor
From /notebooks/TA/rasa-v1/rasa-venv/lib/python3.6/site-packages/tensorflow/python/ops/init_ops.py:97: calling Orthogonal.__init__ (from tensorflow.python.ops.init_ops) with dtype is deprecated and will be removed in a future version.
Instructions for updating:
Call initializer instance with the dtype argument instead of passing it to the constructor
From /notebooks/TA/rasa-v1/rasa-venv/lib/python3.6/site-packages/tensorflow/python/ops/init_ops.py:97: calling Zeros.__init__ (from tensorflow.python.ops.init_ops) with dtype is deprecated and will be removed in a future version.
Instructions for updating:
Call initializer instance with the dtype argument instead of passing it to the constructor
From /notebooks/TA/rasa-v1/rasa-venv/lib/python3.6/site-packages/tensorflow/python/keras/backend.py:3794: add_dispatch_support.<locals>.wrapper (from tensorflow.python.ops.array_ops) is deprecated and will be removed in a future version.
Instructions for updating:
Use tf.where in 2.0, which has the same broadcast rule as np.where
Rasa Core server is up and running on http://localhost:5005
Rasa process starting
Added 'nlp_spacy' to component cache. Key 'nlp_spacy-xx'.
From /notebooks/TA/rasa-v1/rasa_my_tour_mate/classifiers/intent_classifier_tensorflow.py:683: The name tf.train.import_meta_graph is deprecated. Please use tf.compat.v1.train.import_meta_graph instead.

From /notebooks/TA/rasa-v1/rasa-venv/lib/python3.6/site-packages/tensorflow/python/training/saver.py:1276: checkpoint_exists (from tensorflow.python.training.checkpoint_management) is deprecated and will be removed in a future version.
Instructions for updating:
Use standard file APIs to check for files with this prefix.
Restoring parameters from models/current/nlu/intent_classifier_tensorflow_embedding_custom.ckpt
From /notebooks/TA/rasa-v1/rasa_my_tour_mate/classifiers/intent_classifier_tensorflow.py:687: The name tf.get_collection is deprecated. Please use tf.compat.v1.get_collection instead.


The TensorFlow contrib module will not be included in TensorFlow 2.0.
For more information, please see:
  * https://github.com/tensorflow/community/blob/master/rfcs/20180907-contrib-sunset.md
  * https://github.com/tensorflow/addons
  * https://github.com/tensorflow/io (for I/O related ops)
If you depend on functionality not listed there, please file an issue.

From /notebooks/TA/rasa-v1/rasa-venv/lib/python3.6/site-packages/tensorflow/python/ops/init_ops.py:97: calling GlorotUniform.__init__ (from tensorflow.python.ops.init_ops) with dtype is deprecated and will be removed in a future version.
Instructions for updating:
Call initializer instance with the dtype argument instead of passing it to the constructor
From /notebooks/TA/rasa-v1/rasa-venv/lib/python3.6/site-packages/tensorflow/python/ops/init_ops.py:1251: calling VarianceScaling.__init__ (from tensorflow.python.ops.init_ops) with dtype is deprecated and will be removed in a future version.
Instructions for updating:
Call initializer instance with the dtype argument instead of passing it to the constructor
From /notebooks/TA/rasa-v1/rasa-venv/lib/python3.6/site-packages/tensorflow/python/ops/init_ops.py:97: calling Orthogonal.__init__ (from tensorflow.python.ops.init_ops) with dtype is deprecated and will be removed in a future version.
Instructions for updating:
Call initializer instance with the dtype argument instead of passing it to the constructor
From /notebooks/TA/rasa-v1/rasa-venv/lib/python3.6/site-packages/tensorflow/python/ops/init_ops.py:97: calling Zeros.__init__ (from tensorflow.python.ops.init_ops) with dtype is deprecated and will be removed in a future version.
Instructions for updating:
Call initializer instance with the dtype argument instead of passing it to the constructor
From /notebooks/TA/rasa-v1/rasa-venv/lib/python3.6/site-packages/tensorflow/python/keras/backend.py:3794: add_dispatch_support.<locals>.wrapper (from tensorflow.python.ops.array_ops) is deprecated and will be removed in a future version.
Instructions for updating:
Use tf.where in 2.0, which has the same broadcast rule as np.where
Rasa Core server is up and running on http://localhost:5005
Rasa process starting
Added 'nlp_spacy' to component cache. Key 'nlp_spacy-xx'.
From /notebooks/TA/rasa-v1/rasa_my_tour_mate/classifiers/intent_classifier_tensorflow.py:683: The name tf.train.import_meta_graph is deprecated. Please use tf.compat.v1.train.import_meta_graph instead.

From /notebooks/TA/rasa-v1/rasa-venv/lib/python3.6/site-packages/tensorflow/python/training/saver.py:1276: checkpoint_exists (from tensorflow.python.training.checkpoint_management) is deprecated and will be removed in a future version.
Instructions for updating:
Use standard file APIs to check for files with this prefix.
Restoring parameters from models/current/nlu/intent_classifier_tensorflow_embedding_custom.ckpt
From /notebooks/TA/rasa-v1/rasa_my_tour_mate/classifiers/intent_classifier_tensorflow.py:687: The name tf.get_collection is deprecated. Please use tf.compat.v1.get_collection instead.


The TensorFlow contrib module will not be included in TensorFlow 2.0.
For more information, please see:
  * https://github.com/tensorflow/community/blob/master/rfcs/20180907-contrib-sunset.md
  * https://github.com/tensorflow/addons
  * https://github.com/tensorflow/io (for I/O related ops)
If you depend on functionality not listed there, please file an issue.

From /notebooks/TA/rasa-v1/rasa-venv/lib/python3.6/site-packages/tensorflow/python/ops/init_ops.py:97: calling GlorotUniform.__init__ (from tensorflow.python.ops.init_ops) with dtype is deprecated and will be removed in a future version.
Instructions for updating:
Call initializer instance with the dtype argument instead of passing it to the constructor
From /notebooks/TA/rasa-v1/rasa-venv/lib/python3.6/site-packages/tensorflow/python/ops/init_ops.py:1251: calling VarianceScaling.__init__ (from tensorflow.python.ops.init_ops) with dtype is deprecated and will be removed in a future version.
Instructions for updating:
Call initializer instance with the dtype argument instead of passing it to the constructor
From /notebooks/TA/rasa-v1/rasa-venv/lib/python3.6/site-packages/tensorflow/python/ops/init_ops.py:97: calling Orthogonal.__init__ (from tensorflow.python.ops.init_ops) with dtype is deprecated and will be removed in a future version.
Instructions for updating:
Call initializer instance with the dtype argument instead of passing it to the constructor
From /notebooks/TA/rasa-v1/rasa-venv/lib/python3.6/site-packages/tensorflow/python/ops/init_ops.py:97: calling Zeros.__init__ (from tensorflow.python.ops.init_ops) with dtype is deprecated and will be removed in a future version.
Instructions for updating:
Call initializer instance with the dtype argument instead of passing it to the constructor
From /notebooks/TA/rasa-v1/rasa-venv/lib/python3.6/site-packages/tensorflow/python/keras/backend.py:3794: add_dispatch_support.<locals>.wrapper (from tensorflow.python.ops.array_ops) is deprecated and will be removed in a future version.
Instructions for updating:
Use tf.where in 2.0, which has the same broadcast rule as np.where
Rasa Core server is up and running on http://localhost:5005
